<?xml version="1.0" encoding="UTF-8"?>
<!-- Generated by org.testng.reporters.JUnitReportReporter -->
<testsuite hostname="DESKTOP-JFO3FKG" failures="0" tests="1" name="Webdriver.Qn_14" time="13.267" errors="0" timestamp="2025-08-21T12:29:23 IST" skipped="0">
  <testcase classname="Webdriver.Qn_14" name="f" time="13.267"/>
</testsuite> <!-- Webdriver.Qn_14 -->
