<?xml version="1.0" encoding="UTF-8"?>
<!-- Generated by org.testng.reporters.JUnitReportReporter -->
<testsuite hostname="DESKTOP-JFO3FKG" failures="0" tests="1" name="Questions.Q5" time="16.688" errors="0" timestamp="2025-08-26T12:06:07 IST" skipped="0">
  <testcase classname="Questions.Q5" name="f" time="16.688"/>
</testsuite> <!-- Questions.Q5 -->
