<?xml version="1.0" encoding="UTF-8"?>
<!-- Generated by org.testng.reporters.JUnitReportReporter -->
<testsuite hostname="DESKTOP-JFO3FKG" failures="0" tests="1" name="Webdriver.Lab3Test" time="9.581" errors="0" timestamp="2025-08-18T15:41:52 IST" skipped="0">
  <testcase classname="Webdriver.Lab3Test" name="lab3" time="9.581"/>
</testsuite> <!-- Webdriver.Lab3Test -->
