<?xml version="1.0" encoding="UTF-8"?>
<!-- Generated by org.testng.reporters.JUnitReportReporter -->
<testsuite hostname="DESKTOP-JFO3FKG" failures="0" tests="1" name="Questions.Q4" time="11.902" errors="0" timestamp="2025-08-26T11:35:49 IST" skipped="0">
  <testcase classname="Questions.Q4" name="f" time="11.902"/>
</testsuite> <!-- Questions.Q4 -->
