<?xml version="1.0" encoding="UTF-8"?>
<!-- Generated by org.testng.reporters.JUnitReportReporter -->
<testsuite hostname="DESKTOP-JFO3FKG" failures="0" tests="1" name="Webdriver.Lab4Test" time="24.210" errors="0" timestamp="2025-08-18T17:16:07 IST" skipped="0">
  <testcase classname="Webdriver.Lab4Test" name="lab4" time="24.210"/>
</testsuite> <!-- Webdriver.Lab4Test -->
