<?xml version="1.0" encoding="UTF-8"?>
<!-- Generated by org.testng.reporters.JUnitReportReporter -->
<testsuite hostname="DESKTOP-JFO3FKG" failures="0" tests="1" name="Webdriver.NewTestng3" time="7.973" errors="0" timestamp="2025-08-19T11:48:14 IST" skipped="0">
  <testcase classname="Webdriver.NewTestng3" name="test2" time="7.973"/>
</testsuite> <!-- Webdriver.NewTestng3 -->
