<?xml version="1.0" encoding="UTF-8"?>
<!-- Generated by org.testng.reporters.JUnitReportReporter -->
<testsuite hostname="DESKTOP-JFO3FKG" failures="0" tests="2" name="Webdriver.Lab3Test_qn9" time="45.223" errors="0" timestamp="2025-08-19T12:23:13 IST" skipped="0">
  <testcase classname="Webdriver.Lab3Test_qn9" name="lab3" time="22.418"/>
  <testcase classname="Webdriver.Lab3Test_qn9" name="lab3" time="22.805"/>
</testsuite> <!-- Webdriver.Lab3Test_qn9 -->
