<?xml version="1.0" encoding="UTF-8"?>
<!-- Generated by org.testng.reporters.JUnitReportReporter -->
<testsuite hostname="DESKTOP-JFO3FKG" failures="0" tests="3" name="com.orangehrm.tests.LoginOrangeHRM" time="28.626" errors="0" timestamp="2025-08-23T14:00:12 IST" skipped="0">
  <testcase classname="com.orangehrm.tests.LoginOrangeHRM" name="verifylogin" time="6.962"/>
  <testcase classname="com.orangehrm.tests.LoginOrangeHRM" name="verifylogin" time="7.918"/>
  <testcase classname="com.orangehrm.tests.LoginOrangeHRM" name="verifylogin" time="13.746"/>
</testsuite> <!-- com.orangehrm.tests.LoginOrangeHRM -->
