<?xml version="1.0" encoding="UTF-8"?>
<!-- Generated by org.testng.reporters.JUnitReportReporter -->
<testsuite hostname="DESKTOP-JFO3FKG" failures="0" tests="2" name="Webdriver.TC0012_TestNG" time="104.371" errors="0" timestamp="2025-08-18T14:38:57 IST" skipped="0">
  <testcase classname="Webdriver.TC0012_TestNG" name="f" time="69.831"/>
  <testcase classname="Webdriver.TC0012_TestNG" name="f" time="34.540"/>
</testsuite> <!-- Webdriver.TC0012_TestNG -->
