<?xml version="1.0" encoding="UTF-8"?>
<!-- Generated by org.testng.reporters.JUnitReportReporter -->
<testsuite hostname="DESKTOP-JFO3FKG" failures="0" tests="2" name="Webdriver.NewTestng" time="42.574" errors="0" timestamp="2025-08-19T10:09:29 IST" skipped="0">
  <testcase classname="Webdriver.NewTestng" name="test2" time="11.590"/>
  <testcase classname="Webdriver.NewTestng" name="test2" time="30.984"/>
</testsuite> <!-- Webdriver.NewTestng -->
