<?xml version="1.0" encoding="UTF-8"?>
<!-- Generated by org.testng.reporters.JUnitReportReporter -->
<testsuite hostname="DESKTOP-JFO3FKG" failures="0" tests="1" name="Questions.Q6" time="9.190" errors="0" timestamp="2025-08-26T12:29:12 IST" skipped="0">
  <testcase classname="Questions.Q6" name="f" time="9.190"/>
</testsuite> <!-- Questions.Q6 -->
