<?xml version="1.0" encoding="UTF-8"?>
<!-- Generated by org.testng.reporters.JUnitReportReporter -->
<testsuite hostname="DESKTOP-JFO3FKG" failures="0" tests="1" name="Webdriver.Lab3Test_qn8" time="7.884" errors="0" timestamp="2025-08-21T10:17:35 IST" skipped="0">
  <testcase classname="Webdriver.Lab3Test_qn8" name="lab3" time="7.884"/>
</testsuite> <!-- Webdriver.Lab3Test_qn8 -->
