<?xml version="1.0" encoding="UTF-8"?>
<!-- Generated by org.testng.reporters.JUnitReportReporter -->
<testsuite hostname="DESKTOP-JFO3FKG" failures="0" tests="2" name="Webdriver.Lab4Test_qn9" time="63.811" errors="0" timestamp="2025-08-19T14:23:03 IST" skipped="0">
  <testcase classname="Webdriver.Lab4Test_qn9" name="lab4" time="31.486"/>
  <testcase classname="Webdriver.Lab4Test_qn9" name="lab4" time="32.325"/>
</testsuite> <!-- Webdriver.Lab4Test_qn9 -->
