<?xml version="1.0" encoding="UTF-8"?>
<!-- Generated by org.testng.reporters.JUnitReportReporter -->
<testsuite hostname="DESKTOP-JFO3FKG" failures="0" tests="1" name="Questions.Q9" time="17.982" errors="0" timestamp="2025-08-26T14:51:03 IST" skipped="0">
  <testcase classname="Questions.Q9" name="f" time="17.982"/>
</testsuite> <!-- Questions.Q9 -->
