<?xml version="1.0" encoding="UTF-8"?>
<!-- Generated by org.testng.reporters.JUnitReportReporter -->
<testsuite hostname="DESKTOP-JFO3FKG" failures="0" tests="1" name="Webdriver.Qn_15" time="12.094" errors="0" timestamp="2025-08-22T12:38:01 IST" skipped="0">
  <testcase classname="Webdriver.Qn_15" name="f" time="12.094"/>
</testsuite> <!-- Webdriver.Qn_15 -->
