<?xml version="1.0" encoding="UTF-8"?>
<!-- Generated by org.testng.reporters.JUnitReportReporter -->
<testsuite hostname="DESKTOP-JFO3FKG" failures="0" tests="1" name="Webdriver.Lab4Test_qn11" time="9.160" errors="0" timestamp="2025-08-21T10:47:07 IST" skipped="0">
  <testcase classname="Webdriver.Lab4Test_qn11" name="lab4" time="9.160"/>
</testsuite> <!-- Webdriver.Lab4Test_qn11 -->
