<?xml version="1.0" encoding="UTF-8"?>
<!-- Generated by org.testng.reporters.JUnitReportReporter -->
<testsuite hostname="DESKTOP-JFO3FKG" failures="0" tests="1" name="Questions.Q2" time="11.453" errors="0" timestamp="2025-08-26T10:21:16 IST" skipped="0">
  <testcase classname="Questions.Q2" name="f" time="11.453"/>
</testsuite> <!-- Questions.Q2 -->
