<?xml version="1.0" encoding="UTF-8"?>
<!-- Generated by org.testng.reporters.JUnitReportReporter -->
<testsuite hostname="DESKTOP-JFO3FKG" failures="0" tests="1" name="Questions.Q8" time="15.885" errors="0" timestamp="2025-08-26T14:28:35 IST" skipped="0">
  <testcase classname="Questions.Q8" name="f" time="15.885"/>
</testsuite> <!-- Questions.Q8 -->
