<?xml version="1.0" encoding="UTF-8"?>
<!-- Generated by org.testng.reporters.JUnitReportReporter -->
<testsuite hostname="DESKTOP-JFO3FKG" failures="0" tests="2" name="Webdriver.TC0012_TestNG2_pagefactory" time="35.730" errors="0" timestamp="2025-08-20T16:32:31 IST" skipped="0">
  <testcase classname="Webdriver.TC0012_TestNG2_pagefactory" name="f" time="21.158"/>
  <testcase classname="Webdriver.TC0012_TestNG2_pagefactory" name="f" time="14.572"/>
</testsuite> <!-- Webdriver.TC0012_TestNG2_pagefactory -->
