<?xml version="1.0" encoding="UTF-8"?>
<!-- Generated by org.testng.reporters.JUnitReportReporter -->
<testsuite hostname="DESKTOP-JFO3FKG" failures="0" tests="1" name="Questions.Q3" time="15.218" errors="0" timestamp="2025-08-26T11:14:24 IST" skipped="0">
  <testcase classname="Questions.Q3" name="f" time="15.218"/>
</testsuite> <!-- Questions.Q3 -->
