<?xml version="1.0" encoding="UTF-8"?>
<!-- Generated by org.testng.reporters.JUnitReportReporter -->
<testsuite hostname="DESKTOP-JFO3FKG" failures="0" tests="1" name="Questions.NewTest" time="19.671" errors="0" timestamp="2025-08-26T12:52:54 IST" skipped="0">
  <testcase classname="Questions.NewTest" name="f" time="19.671"/>
</testsuite> <!-- Questions.NewTest -->
