<?xml version="1.0" encoding="UTF-8"?>
<!-- Generated by org.testng.reporters.JUnitReportReporter -->
<testsuite hostname="DESKTOP-JFO3FKG" failures="0" tests="1" name="Questions.Q7" time="9.334" errors="0" timestamp="2025-08-26T13:05:12 IST" skipped="0">
  <testcase classname="Questions.Q7" name="f" time="9.334"/>
</testsuite> <!-- Questions.Q7 -->
