<?xml version="1.0" encoding="UTF-8"?>
<!-- Generated by org.testng.reporters.JUnitReportReporter -->
<testsuite hostname="DESKTOP-JFO3FKG" failures="0" tests="1" name="Questions.Q1" time="9.571" errors="0" timestamp="2025-08-26T09:30:20 IST" skipped="0">
  <testcase classname="Questions.Q1" name="f" time="9.571"/>
</testsuite> <!-- Questions.Q1 -->
