<?xml version="1.0" encoding="UTF-8"?>
<!-- Generated by org.testng.reporters.JUnitReportReporter -->
<testsuite hostname="DESKTOP-JFO3FKG" failures="0" tests="1" name="Webdriver.Lab4Test_qn8" time="21.866" errors="0" timestamp="2025-08-20T19:30:56 IST" skipped="0">
  <testcase classname="Webdriver.Lab4Test_qn8" name="lab4" time="21.866"/>
</testsuite> <!-- Webdriver.Lab4Test_qn8 -->
