<?xml version="1.0" encoding="UTF-8"?>
<!-- Generated by org.testng.reporters.JUnitReportReporter -->
<testsuite hostname="DESKTOP-JFO3FKG" failures="0" tests="2" name="Webdriver.Qn_13" time="31.375" errors="0" timestamp="2025-08-23T08:52:05 IST" skipped="0">
  <testcase classname="Webdriver.Qn_13" name="Test" time="11.098"/>
  <testcase classname="Webdriver.Qn_13" name="Test" time="20.277"/>
</testsuite> <!-- Webdriver.Qn_13 -->
