<?xml version="1.0" encoding="UTF-8"?>
<!-- Generated by org.testng.reporters.JUnitReportReporter -->
<testsuite hostname="DESKTOP-JFO3FKG" failures="0" tests="3" name="Webdriver.TC00CSV" time="32.513" errors="0" timestamp="2025-08-22T10:41:26 IST" skipped="0">
  <testcase classname="Webdriver.TC00CSV" name="f" time="15.430"/>
  <testcase classname="Webdriver.TC00CSV" name="f" time="7.638"/>
  <testcase classname="Webdriver.TC00CSV" name="f" time="9.445"/>
</testsuite> <!-- Webdriver.TC00CSV -->
