<?xml version="1.0" encoding="UTF-8"?>
<!-- Generated by org.testng.reporters.JUnitReportReporter -->
<testsuite hostname="DESKTOP-JFO3FKG" failures="0" tests="3" name="Webdriver.TC0012_TestNG" time="41.282" errors="0" timestamp="2025-08-21T09:48:56 IST" skipped="0">
  <testcase classname="Webdriver.TC0012_TestNG" name="f" time="11.113"/>
  <testcase classname="Webdriver.TC0012_TestNG" name="f" time="20.118"/>
  <testcase classname="Webdriver.TC0012_TestNG" name="f" time="10.051"/>
</testsuite> <!-- Webdriver.TC0012_TestNG -->
