<?xml version="1.0" encoding="UTF-8"?>
<!-- Generated by org.testng.reporters.JUnitReportReporter -->
<testsuite hostname="DESKTOP-JFO3FKG" failures="0" tests="1" name="Webdriver.Lab3Test_qn11" time="13.969" errors="0" timestamp="2025-08-21T10:15:21 IST" skipped="0">
  <testcase classname="Webdriver.Lab3Test_qn11" name="lab3" time="13.969"/>
</testsuite> <!-- Webdriver.Lab3Test_qn11 -->
