<?xml version="1.0" encoding="UTF-8"?>
<!-- Generated by org.testng.reporters.JUnitReportReporter -->
<testsuite hostname="DESKTOP-JFO3FKG" failures="0" tests="3" name="Webdriver.Qn_16" time="30.078" errors="0" timestamp="2025-08-22T15:59:15 IST" skipped="0">
  <testcase classname="Webdriver.Qn_16" name="f" time="7.518"/>
  <testcase classname="Webdriver.Qn_16" name="f" time="8.195"/>
  <testcase classname="Webdriver.Qn_16" name="f" time="14.365"/>
</testsuite> <!-- Webdriver.Qn_16 -->
